100
0 0 3200 900 1800 2700 400 3600 1300 2200 3100 800 1700 2600 300 3500 1200 4400 2100 3000 700 3900 1600 2500 200 3400 1100 2000 2900 600 3800 1500 2400 100 3300 1000 1900 2800 500 3700 1400 2300
1 1 3201 901 1801 2701 401 1301 2201 3101 5501 801 1701 2601 301 1201 2101 3001 701 1601 4801 2501 201 1101 4301 2001 2901 601 1501 2401 101 3301 1001 1901 5101 2801 501 1401 2301
2 2 902 4102 1802 2702 402 1302 2202 5402 3102 802 1702 2602 302 1202 2102 3002 702 1602 2502 202 1102 2002 2902 6102 602 1502 2402 102 3302 1002 1902 2802 502 1402 2302
3 3 3203 903 1803 2703 403 3603 1303 2203 3103 803 1703 2603 303 1203 2103 3003 703 1603 2503 203 3403 1103 2003 2903 603 1503 2403 103 3303 1003 1903 2803 503 1403 2303
4 2304 4 3204 6404 904 4104 1804 2704 404 3604 1304 2204 3104 6304 804 1704 2604 304 3504 1204 2104 3004 704 3904 1604 2504 204 3404 3704 6604 1104 2004 2904 604 3804 1504 2404 104 3304 1004 1904 2804 504 1404
5 2305 5 3205 905 1805 2705 405 1305 2205 805 1705 2605 305 9905 1205 2105 705 1605 2505 205 1105 2005 2905 605 1505 2405 105 1005 1905 2805 505 1405
6 2306 6 3206 906 1806 2706 406 1306 2206 3106 806 1706 2606 306 1206 2106 3006 706 1606 2506 206 1106 2006 606 1506 2406 106 3306 1006 1906 506 1406
7 2307 7 3207 907 1807 2707 407 1307 4507 2207 3107 807 1707 2607 307 1207 2107 3007 707 1607 2507 207 3407 1107 2007 2907 607 3807 1507 2407 107 1007 1907 2807 507 1407
8 1408 2308 8 3208 908 1808 2708 408 1308 2208 3108 808 1708 2608 308 3508 1208 2108 3008 708 1608 2508 208 3408 1108 2008 2908 608 1508 2408 108 3308 1008 1908 2808 508
9 1409 2309 9 3209 909 1809 2709 409 1309 2209 3109 809 1709 2609 309 1209 2109 3009 709 1609 2509 209 1109 2009 5209 2909 609 1509 2409 109 3309 9709 1009 1909 2809 509
10 1410 2310 10 3210 910 1810 2710 410 1310 4510 2210 3110 810 1710 2610 310 3510 1210 2110 3010 710 1610 4810 2510 210 3410 1110 4310 2010 2910 610 1510 2410 110 3310 1010 4210 1910 5110 2810 510
11 1411 2311 11 3211 911 1811 5011 411 1311 2211 811 1711 2611 311 1211 2111 711 1611 2511 211 1111 2011 611 1511 2411 111 1011 1911 511
12 512 1412 2312 12 3212 912 1812 2712 412 1312 7712 2212 3112 812 1712 2612 312 3512 1212 2112 3012 6212 712 3912 1612 2512 212 3412 1112 2012 2912 612 1512 7912 2412 112 3312 1012 1912 2812
13 513 1413 2313 13 3213 913 1813 2713 413 3613 1313 2213 3113 813 1713 2613 313 1213 4413 2113 3013 713 1613 2513 213 1113 2013 2913 613 1513 2413 113 1013 1913 2813
14 514 3714 1414 2314 5514 14 914 1814 2714 414 1314 2214 3114 9514 814 4014 1714 2614 314 3514 1214 2114 3014 714 1614 2514 214 1114 4314 7514 2014 2914 614 1514 4714 2414 114 1014 1914 2814
15 515 1415 2315 15 3215 915 4115 1815 2715 415 1315 2215 3115 815 1715 2615 315 1215 2115 715 1615 2515 215 3415 1115 2015 2915 6115 615 1515 2415 115 3315 1015 1915 2815
16 2816 516 1416 2316 16 916 1816 2716 416 1316 2216 3116 816 1716 2616 316 1216 2116 3016 716 1616 2516 216 3416 1116 2016 2916 9316 616 1516 2416 116 1016 1916
17 2817 517 1417 2317 17 917 1817 2717 417 1317 2217 817 1717 2617 317 1217 2117 717 1617 2517 217 1117 2017 2917 617 1517 2417 117 1017 1917
18 2818 518 1418 2318 18 918 1818 418 1318 2218 818 1718 2618 318 1218 2118 718 1618 2518 218 1118 2018 618 3818 1518 2418 118 1018 1918
19 2819 519 1419 2319 19 919 1819 2719 419 1319 2219 3119 819 1719 4919 2619 319 1219 2119 3019 719 1619 2519 219 1119 2019 2919 619 1519 2419 119 1019 1919
20 1920 2820 520 3720 1420 2320 20 920 1820 8220 2720 420 1320 2220 3120 820 1720 2620 320 3520 1220 2120 3020 720 1620 2520 220 3420 1120 2020 2920 620 1520 2420 120 1020
21 1921 2821 521 1421 2321 21 3221 921 1821 2721 5921 421 3621 1321 7721 2221 3121 821 1721 2621 321 3521 1221 3321 2121 3021 721 1621 2521 221 3421 1121 2021 2921 621 3821 1521 2421 121 1021
22 1922 2822 522 3722 1422 2322 22 922 1822 2722 422 1322 2222 822 1722 2622 322 1222 2122 722 1622 2522 222 1122 2022 2922 622 1522 2422 122 1022
23 1923 2823 523 1423 2323 23 3223 923 1823 2723 423 1323 2223 3123 823 1723 2623 323 1223 2123 3023 723 1623 2523 223 3423 1123 2023 2923 623 1523 2423 123 1023
24 1024 1924 2824 524 1424 2324 24 3224 924 1824 2724 424 1324 2224 824 1724 4924 2624 324 1224 2124 3024 724 1624 2524 224 3424 1124 2024 624 7024 1524 2424 124
25 1025 1925 2825 525 3725 1425 2325 25 3225 925 4125 1825 2725 425 3625 1325 2225 3125 825 1725 2625 325 3525 1225 2125 3025 725 1625 3325 2525 225 3425 1125 2025 2925 625 3825 1525 2425 125
26 1026 1926 2826 526 1426 4626 2326 26 3226 926 1826 2726 5926 426 3626 1326 2226 3126 826 1726 2626 326 3526 1226 2126 3026 726 1626 2526 3326 226 3426 1126 2026 2926 626 1526 2426 126
27 1027 1927 2827 527 1427 2327 27 3227 927 1827 2727 427 3627 1327 7727 2227 3127 827 1727 2627 327 3527 1227 2127 3027 727 1627 2527 227 1127 2027 2927 627 1527 2427 127
28 128 1028 1928 2828 528 1428 2328 28 3228 928 1828 2728 428 1328 2228 828 1728 2628 328 1228 2128 6228 728 1628 2528 228 3428 1128 2028 2928 628 1528 2428
29 129 3329 1029 1929 2829 529 3729 1429 2329 29 3229 929 1829 2729 429 3629 1329 2229 3129 829 1729 2629 329 6729 1229 2129 3029 7929 729 1629 2529 229 1129 2029 2929 629 1529 2429
30 130 1030 1930 2830 530 6930 1430 2330 30 930 1830 2730 430 1330 7730 2230 830 1730 2630 330 1230 2130 730 1630 2530 230 1130 2030 2930 630 1530 2430
31 131 3331 1031 1931 2831 531 3731 1431 2331 31 3231 931 1831 2731 431 3631 1331 2231 3131 831 4031 1731 2631 331 3531 3831 1231 2131 3031 731 3931 1631 2531 231 3431 1131 2031 2931 631 1531 2431
32 2432 132 3332 1032 1932 2832 532 1432 2332 32 3232 932 1832 2732 432 3632 1332 2232 3132 832 1732 2632 332 3532 1232 3832 2132 3032 732 1632 2532 232 3432 1132 2032 2932 632 1532
33 2433 133 1033 1933 533 1433 2333 33 933 1833 2733 433 1333 2233 833 1733 2633 333 9933 1233 2133 3033 733 1633 2533 233 1133 2033 2933 633 1533
34 2434 134 1034 1934 2834 534 1434 2334 34 934 1834 2734 434 1334 2234 3134 834 1734 2634 334 3534 1234 2134 3034 734 1634 4834 2534 234 3434 1134 2034 2934 634 1534
35 2435 135 1035 1935 2835 535 1435 2335 35 3235 935 1835 2735 435 1335 2235 3135 835 1735 2635 335 1235 2135 3035 735 1635 2535 235 1135 2035 635 1535
36 1536 4736 2436 136 1036 1936 2836 536 1436 2336 36 3236 936 1836 2736 9136 436 1336 2236 3136 836 1736 2636 336 1236 2136 3036 736 1636 2536 236 1136 2036 2936 636
37 1537 2437 137 1037 1937 2837 537 1437 2337 37 937 1837 437 1337 4537 2237 6337 837 1737 2637 337 1237 2137 737 1637 2537 237 1137 7537 2037 2937 637
38 1538 2438 138 3338 1038 1938 2838 538 1438 2338 6138 38 938 1838 2738 438 1338 2238 3138 838 1738 2638 338 1238 2138 3038 738 1638 2538 238 1138 2038 2938 638
39 1539 2439 139 1039 1939 2839 539 1439 2339 39 3239 939 1839 2739 439 3639 1339 2239 3139 839 1739 2639 339 1239 2139 3039 739 1639 2539 239 1139 3839 2039 639
40 640 1540 2440 140 1040 7440 1940 2840 540 1440 2340 40 3240 940 1840 2740 440 1340 2240 3140 840 1740 2640 340 1240 2140 3040 740 1640 2540 240 3440 1140 2040 2940
41 641 1541 4741 2441 141 1041 1941 2841 541 3741 1441 2341 41 3241 941 1841 2741 441 1341 2241 3141 841 1741 2641 341 1241 2141 3041 741 1641 2541 241 3441 1141 2041 2941
42 642 1542 2442 142 1042 1942 2842 542 1442 2342 42 942 4142 1842 2742 442 1342 2242 3142 9542 842 7242 1742 2642 342 1242 2142 5342 3042 742 1642 2542 242 1142 4342 2042 2942
43 643 1543 2443 143 3343 1043 1943 2843 543 1443 2343 43 3243 943 1843 2743 443 1343 2243 3143 843 1743 2643 343 3543 1243 4343 2143 3043 743 1643 2543 243 3443 1143 2043 2943
44 2944 644 1544 2444 144 3344 1044 1944 2844 544 1444 2344 44 3244 6444 944 1844 2744 444 1344 2244 844 1744 2644 344 1244 2144 3044 744 1644 2544 244 1144 2044
45 2945 645 1545 2445 145 3345 1045 1945 2845 545 1445 2345 45 945 1845 2745 445 1345 2245 3145 845 1745 2645 345 1245 2145 3045 745 7145 1645 2545 245 1145 2045
46 2946 646 1546 2446 146 1046 1946 2846 546 1446 2346 46 946 1846 2746 446 1346 2246 846 1746 4946 2646 346 1246 2146 3046 746 1646 2546 246 1146 2046
47 2947 647 1547 2447 147 1047 4247 1947 2847 547 1447 2347 47 3247 947 1847 2747 447 3447 3647 1347 2247 3147 847 1747 2647 347 1247 2147 3047 747 1647 4347 2547 247 1147 2047
48 2048 2948 648 7048 1548 2448 148 3348 1048 1948 2848 548 3748 1448 2348 48 3248 948 4148 1848 2748 448 3648 1348 3448 2248 5448 3148 848 1748 2648 7548 348 3548 1248 2148 3048 748 1648 4848 2548 248 1148
49 2049 2949 649 3849 1549 2449 149 3349 1049 1949 2849 549 3749 1449 4649 2349 49 3249 949 1849 2749 449 1349 2249 3149 849 1749 2649 349 3549 1249 4349 2149 3049 749 1649 2549 249 1149
50 2050 8450 2950 650 1550 2450 150 3350 1050 7450 1950 5150 2850 550 1450 2350 50 3250 950 1850 2750 450 1350 2250 3150 850 1750 2650 350 1250 2150 3050 750 1650 2550 250 4350 1150
51 2051 4351 2951 651 1551 2451 151 3351 1051 1951 2851 551 1451 2351 51 3251 951 1851 5051 2751 451 1351 4551 2251 3151 851 1751 2651 5851 351 1251 2151 3051 751 1651 2551 251 1151
52 1152 2052 2952 652 1552 2452 152 1052 1952 2852 552 3752 1452 2352 52 3252 952 1852 2752 452 3652 1352 2252 3152 852 1752 2652 352 1252 2152 8552 3052 752 1652 2552 252
53 1153 2053 2953 653 1553 2453 153 1053 1953 2853 553 1453 2353 53 953 1853 2753 453 1353 2253 853 1753 2653 353 1253 2153 3053 753 1653 2553 253
54 1154 2054 2954 654 1554 2454 5754 154 1054 1954 2854 554 1454 2354 5554 54 3254 954 1854 2754 454 1354 4554 2254 854 1754 2654 354 1254 2154 3054 754 1654 2554 254
55 1155 2055 2955 655 3855 7055 1555 2455 155 3355 1055 1955 2855 555 1455 2355 55 955 1855 2755 455 1355 2255 3155 855 1755 2655 355 1255 3455 2155 755 1655 2555 255
56 256 6656 1156 2056 2956 656 1556 2456 156 3356 1056 1956 2856 556 3756 1456 4656 2356 56 956 4156 1856 2756 456 1356 2256 856 1756 2656 356 1256 2156 8556 3056 756 1656 2556
57 257 3457 1157 2057 2957 657 1557 2457 157 3357 1057 1957 2857 6057 557 3757 1457 2357 57 3257 9657 957 4157 1857 2757 457 1357 2257 3157 857 1757 2657 357 3557 1257 2157 3057 757 1657 2557
58 258 3458 1158 2058 8458 2958 658 1558 2458 158 3358 1058 4258 1958 2858 558 1458 2358 58 3258 958 1858 2758 458 1358 2258 5458 3158 858 1758 8158 2658 358 1258 2158 3058 758 1658 2558
59 259 1159 2059 2959 659 1559 2459 5659 159 3359 1059 1959 2859 559 1459 2359 59 3259 6459 959 1859 2759 5959 459 1359 2259 3159 9559 859 1759 2659 359 1259 2159 3059 759 1659 2559
60 2560 260 1160 2060 660 1560 2460 160 1060 1960 2860 9260 560 1460 2360 60 960 7360 1860 2760 460 1360 2260 860 1760 2660 360 1260 2160 760 1660
61 2561 261 3461 1161 2061 2961 661 1561 2461 5661 161 3361 1061 7461 1961 2861 561 1461 2361 61 3261 961 1861 2761 461 1361 2261 3161 861 1761 2661 361 1261 2161 3061 761 1661
62 2562 262 3462 1162 2062 2962 662 1562 2462 162 3362 1062 1962 2862 562 1462 2362 62 3262 962 1862 2762 5962 462 1362 2262 3162 862 1762 4962 2662 362 1262 4462 2162 3062 762 1662
63 2563 263 1163 2063 2963 6163 663 3863 1563 2463 163 3363 1063 1963 2863 563 1463 2363 63 963 1863 2763 463 1363 2263 863 1763 2663 363 3563 1263 2163 763 1663
64 1664 2564 264 1164 4364 2064 2964 664 1564 2464 164 1064 1964 2864 564 1464 2364 64 3264 964 1864 2764 464 1364 2264 864 1764 2664 364 6764 1264 4464 2164 3064 764
65 1665 2565 265 1165 2065 6165 9365 665 1565 2465 165 9765 1065 1965 2865 565 1465 2365 65 965 1865 2765 465 1365 2265 865 1765 2665 365 1265 2165 3065 765
66 1666 2566 266 1166 2066 666 1566 2466 166 1066 4266 1966 2866 566 6966 1466 2366 66 966 1866 2766 466 1366 2266 3166 866 1766 2666 366 1266 2166 766
67 1667 2567 267 3467 1167 2067 2967 667 1567 2467 167 1067 1967 2867 567 3767 1467 2367 67 3267 967 1867 2767 467 1367 2267 3167 867 1767 2667 367 1267 2167 3067 767
68 768 1668 2568 268 3468 1168 2068 2968 668 3868 1568 4768 2468 168 3368 1068 4268 1968 2868 568 3768 1468 2368 8768 68 3268 968 1868 2768 468 1368 2268 3168 868 1768 2668 368 3568 1268 2168 3068
69 769 1669 2569 269 3469 1169 2069 2969 669 1569 2469 169 3369 1069 1969 2869 569 1469 2369 69 3269 969 1869 2769 469 1369 2269 3169 869 1769 2669 369 1269 2169 3069
70 770 3970 1670 8070 2570 270 3470 1170 2070 2970 670 3870 1570 2470 170 3370 1070 1970 2870 570 1470 2370 70 3270 970 1870 2770 470 1370 2270 3170 870 1770 2670 370 3570 1270 2170 3070
71 771 1671 4871 2571 271 3471 1171 4371 2071 2971 671 1571 2471 171 3371 1071 1971 2871 571 1471 2371 71 3271 971 4171 1871 8271 2771 471 1371 2271 3171 871 4071 7271 1771 2671 371 3571 1271 2171 3071
72 3072 772 1672 2572 272 3472 1172 2072 2972 672 3872 1572 2472 172 3372 1072 1972 5172 2872 6072 572 3772 1472 2372 72 3272 972 4172 1872 2772 472 3672 1372 2272 3172 872 1772 2672 372 3572 1272 2172
73 3073 773 1673 2573 273 1173 2073 2973 673 1573 2473 173 3373 1073 1973 2873 573 1473 2373 73 3273 6473 973 1873 2773 473 1373 2273 3173 873 1773 2673 373 1273 2173
74 3074 774 1674 2574 274 1174 2074 674 1574 2474 174 1074 1974 2874 574 3774 1474 2374 74 974 1874 7674 2774 5974 474 1374 2274 874 1774 2674 374 1274 2174
75 775 3975 1675 2575 275 3475 1175 2075 675 1575 2475 175 1075 1975 2875 575 1475 2375 75 975 1875 2775 475 1375 2275 875 1775 2675 375 1275 2175
76 2176 776 1676 2576 276 1176 2076 2976 676 1576 2476 176 1076 1976 2876 576 3776 1476 4676 2376 76 3276 976 1876 2776 476 3676 1376 2276 876 1776 2676 376 1276
77 2177 3077 777 1677 2577 277 3477 1177 2077 2977 677 1577 2477 177 3377 1077 1977 2877 577 1477 2377 77 3277 3577 977 1877 2777 477 3677 1377 7677 2277 3177 877 1777 2677 377 1277
78 2178 4478 3078 778 1678 2578 8978 278 3478 1178 2078 2978 678 1578 2478 178 3378 1078 1978 2878 578 1478 2378 78 3278 978 4178 1878 2778 478 1378 2278 3178 878 1778 2678 378 1278
79 2179 3079 779 1679 2579 279 3479 1179 2079 2979 679 1579 2479 179 3379 1079 1979 2879 579 1479 2379 79 3279 979 1879 3579 2779 479 1379 2279 3179 879 1779 2679 379 1279
80 1280 2180 3080 780 1680 2580 280 1180 2080 2980 680 3880 1580 2480 180 1080 1980 2880 580 3780 1480 2380 80 3280 980 1880 2780 480 1380 2280 3180 880 1780 2680 380
81 1281 2181 5381 781 1681 2581 281 1181 2081 2981 681 1581 2481 181 3381 1081 1981 581 1481 2381 81 3281 981 1881 2781 481 1381 2281 881 1781 2681 381
82 1282 2182 3082 782 1682 2582 282 1182 2082 682 1582 2482 182 1082 1982 5182 2882 6082 582 1482 2382 82 982 1882 2782 482 1382 3582 2282 5482 3182 882 4082 1782 4982 2682 382
83 1283 2183 3083 783 3983 1683 2583 283 3483 1183 2083 2983 683 1583 2483 183 3383 1083 1983 2883 583 1483 2383 83 3283 983 1883 2783 483 1383 2283 3583 3183 883 1783 2683 383
84 384 3584 1284 2184 3084 784 1684 2584 284 3484 1184 2084 2984 684 3884 1584 2484 184 3384 1084 1984 2884 584 1484 4684 2384 84 3284 984 1884 2784 484 3684 1384 2284 3184 9584 884 1784 2684
85 385 3585 1285 2185 3085 785 1685 2585 285 3485 1185 7585 2085 2985 685 1585 4785 2485 5685 185 3385 1085 1985 2885 585 1485 2385 85 3285 985 1885 2785 5985 485 3685 1385 2285 3185 885 1785 2685
86 386 1286 2186 786 1686 2586 286 1186 2086 5286 2986 686 1586 2486 186 1086 1986 2886 586 1486 2386 86 3286 986 4186 1886 2786 486 1386 2286 886 1786 2686
87 387 1287 2187 3087 787 1687 2587 287 1187 2087 2987 687 3887 1587 2487 187 3387 1087 1987 2887 587 1487 2387 4087 87 3287 987 1887 2787 487 1387 2287 3187 887 1787 2687
88 2688 388 1288 2188 788 1688 2588 288 1188 2088 2988 688 3888 1588 2488 188 1088 4288 1988 2888 588 1488 2388 5588 88 988 4188 1888 2788 488 1388 2288 888 1788
89 2689 389 1289 2189 3089 789 1689 2589 289 3489 1189 2089 2989 689 1589 2489 189 3389 1089 4289 1989 2889 589 1489 2389 89 3289 989 4089 1889 2789 489 1389 2289 3189 889 1789
90 2690 390 3590 1290 2190 3090 790 1690 2590 290 3490 1190 2090 2990 690 3890 1590 2490 190 3390 1090 1990 2890 590 1490 2390 90 3290 990 1890 4090 2790 490 3690 1390 2290 3190 890 1790
91 2691 391 3591 1291 2191 3091 791 3991 1691 2591 291 3491 1191 2091 2991 691 1591 2491 191 3391 1091 4291 1991 8391 2891 591 1491 2391 91 3291 991 1891 2791 491 1391 2291 3191 891 1791
92 1792 2692 392 1292 2192 792 1692 2592 292 1192 2092 2992 692 1592 2492 192 1092 1992 2892 592 1492 2392 92 992 1892 2792 492 1392 2292 892
93 1793 2693 393 1293 2193 793 1693 2593 293 1193 2093 693 1593 2493 193 1093 1993 2893 593 1493 7293 2393 93 993 1893 2793 493 1393 2293 893
94 1794 4994 2694 394 1294 2194 794 1694 2594 294 1194 2094 694 1594 2494 194 1094 1994 2894 594 1494 2394 94 3294 994 1894 2794 494 1394 4594 2294 894
95 1795 2695 395 1295 2195 3095 795 3995 1695 8095 2595 295 3495 1195 2095 2995 695 1595 2495 195 3395 1095 1995 2895 595 1495 2395 95 3295 995 1895 2795 495 1395 2295 3195 895
96 896 1796 2696 396 1296 2196 3096 796 1696 2596 296 3496 1196 2096 2996 696 1596 2496 196 3396 1096 1996 2896 596 1496 2396 96 3296 996 1896 2796 496 1396 2296 3196
97 897 1797 4997 2697 397 3597 1297 4497 2197 8597 3097 797 3997 1697 2597 297 3497 1197 4397 2097 2997 697 1597 2497 197 3397 1097 1997 2897 597 1497 2397 97 3297 997 1897 2797 497 3697 1397 2297 3197
98 898 1798 2698 398 3598 1298 2198 798 1698 4898 2598 298 3498 6698 1198 2098 2998 698 1598 2498 198 3398 1098 7498 1998 2898 598 1498 2398 98 998 1898 2798 498 3698 1398 2298 3198
99 899 4099 1799 2699 399 1299 5499 2199 799 3999 1699 2599 299 1199 2099 699 1599 4799 2499 199 1099 1999 2899 599 1499 2399 99 3299 999 1899 2799 499 1399 2299 3199
